<?xml version="1.0" encoding="UTF-8"?>
<!-- Generated by org.testng.reporters.JUnitReportReporter -->
<testsuite hostname="DESKTOP-BVADLL5" failures="0" tests="2" name="tests.SearchAndDebugResult" time="11.425" errors="0" timestamp="2024-09-21T11:15:14 IST" skipped="0">
  <testcase classname="tests.SearchAndDebugResult" name="testingUsingExcel" time="5.946"/>
  <testcase classname="tests.SearchAndDebugResult" name="testingUsingTxtFile" time="5.479"/>
</testsuite> <!-- tests.SearchAndDebugResult -->
