<?xml version="1.0" encoding="UTF-8"?>
<!-- Generated by org.testng.reporters.JUnitReportReporter -->
<testsuite hostname="DESKTOP-BVADLL5" failures="0" tests="2" name="tests.SearchAndDebugResult" time="10.855" errors="0" timestamp="2024-09-20T17:54:42 IST" skipped="0">
  <testcase classname="tests.SearchAndDebugResult" name="testingUsingTxtFile" time="4.893"/>
  <testcase classname="tests.SearchAndDebugResult" name="testingUsingExcel" time="5.962"/>
</testsuite> <!-- tests.SearchAndDebugResult -->
